<?xml version="1.0" encoding="UTF-8"?>
<!-- Generated by org.testng.reporters.JUnitXMLReporter -->
<testsuite ignored="0" hostname="TYSS-Manoj" failures="0" tests="1" name="Test1" time="1.401" errors="0" timestamp="2023-10-13T17:17:55 IST">
  <testcase classname="Organization.TC003_Delete_An_Organization_And_Verify_If_Organization_Is_Deleted_successfully" name="Delete_The_Created_And_Updated_Lead" time="0.0">
    <skipped/>
  </testcase> <!-- Delete_The_Created_And_Updated_Lead -->
</testsuite> <!-- Test1 -->
